2021-05-25 17:54:03,229 INFO [main][SpringApplication.java:675] - No active profile set, falling back to default profiles: default
2021-05-25 17:54:05,583 WARN [main][EndpointId.java:135] - Endpoint ID 'service-registry' contains invalid characters, please migrate to a valid format.
2021-05-25 17:54:06,290 INFO [main][GenericScope.java:294] - BeanFactory id=33c68227-122c-36dd-8028-a36de4f592a4
2021-05-25 17:54:06,534 INFO [main][PostProcessorRegistrationDelegate.java:330] - Bean 'org.springframework.cloud.autoconfigure.ConfigurationPropertiesRebinderAutoConfiguration' of type [org.springframework.cloud.autoconfigure.ConfigurationPropertiesRebinderAutoConfiguration$$EnhancerBySpringCGLIB$$15168951] is not eligible for getting processed by all BeanPostProcessors (for example: not eligible for auto-proxying)
2021-05-25 17:54:07,408 INFO [main][TomcatWebServer.java:90] - Tomcat initialized with port(s): 56080 (http)
2021-05-25 17:54:07,459 INFO [main][DirectJDKLog.java:173] - Initializing ProtocolHandler ["http-nio-56080"]
2021-05-25 17:54:07,491 INFO [main][DirectJDKLog.java:173] - Starting service [Tomcat]
2021-05-25 17:54:07,493 INFO [main][DirectJDKLog.java:173] - Starting Servlet engine: [Apache Tomcat/9.0.16]
2021-05-25 17:54:07,507 INFO [main][DirectJDKLog.java:173] - The APR based Apache Tomcat Native library which allows optimal performance in production environments was not found on the java.library.path: [C:\Program Files (x86)\Java\jdk1.8.0_152\bin;C:\WINDOWS\Sun\Java\bin;C:\WINDOWS\system32;C:\WINDOWS;C:\ProgramData\Oracle\Java\javapath;C:\WINDOWS\system32;C:\WINDOWS;C:\WINDOWS\System32\Wbem;C:\WINDOWS\System32\WindowsPowerShell\v1.0\;C:\WINDOWS\System32\OpenSSH\;"C:\Program Files (x86)\Java\jdk1.8.0_152\bin;C:\Program Files (x86)\Java\jdk1.8.0_152\jre\bin";C:\Program Files\Git\cmd;C:\Program Files\TortoiseGit\bin;D:\yinzi\software\jar\apache-maven-3.8.1-bin\apache-maven-3.8.1\bin;D:\yinzi\software\jar\apache-maven-3.8.1-bin\apache-maven-3.8.1\bin;C:\Users\maoqichuan\AppData\Local\Microsoft\WindowsApps;;.]
2021-05-25 17:54:08,152 INFO [main][DirectJDKLog.java:173] - Initializing Spring embedded WebApplicationContext
2021-05-25 17:54:08,153 INFO [main][ServletWebServerApplicationContext.java:296] - Root WebApplicationContext: initialization completed in 4872 ms
2021-05-25 17:54:08,493 WARN [main][URLConfigurationSource.java:121] - No URLs will be polled as dynamic configuration sources.
2021-05-25 17:54:08,529 INFO [main][URLConfigurationSource.java:122] - To enable URLs as dynamic configuration sources, define System property archaius.configurationSource.additionalUrls or make config.properties available on classpath.
2021-05-25 17:54:08,588 INFO [main][DynamicPropertyFactory.java:281] - DynamicPropertyFactory is initialized with configuration sources: com.netflix.config.ConcurrentCompositeConfiguration@15f474c
2021-05-25 17:54:15,273 INFO [main][WebApplicationImpl.java:815] - Initiating Jersey application, version 'Jersey: 1.19.1 03/11/2016 02:08 PM'
2021-05-25 17:54:15,561 INFO [main][DiscoveryJerseyProvider.java:70] - Using JSON encoding codec LegacyJacksonJson
2021-05-25 17:54:15,561 INFO [main][DiscoveryJerseyProvider.java:71] - Using JSON decoding codec LegacyJacksonJson
2021-05-25 17:54:16,240 INFO [main][DiscoveryJerseyProvider.java:80] - Using XML encoding codec XStreamXml
2021-05-25 17:54:16,241 INFO [main][DiscoveryJerseyProvider.java:81] - Using XML decoding codec XStreamXml
2021-05-25 17:54:17,450 WARN [main][URLConfigurationSource.java:121] - No URLs will be polled as dynamic configuration sources.
2021-05-25 17:54:17,452 INFO [main][URLConfigurationSource.java:122] - To enable URLs as dynamic configuration sources, define System property archaius.configurationSource.additionalUrls or make config.properties available on classpath.
2021-05-25 17:54:18,100 INFO [main][ExecutorConfigurationSupport.java:171] - Initializing ExecutorService 'applicationTaskExecutor'
2021-05-25 17:54:23,455 INFO [main][InstanceInfoFactory.java:71] - Setting initial instance status as: STARTING
2021-05-25 17:54:23,539 INFO [main][DiscoveryClient.java:349] - Initializing Eureka in region us-east-1
2021-05-25 17:54:23,546 INFO [main][DiscoveryClient.java:352] - Client configured to neither register nor query for data.
2021-05-25 17:54:23,593 INFO [main][DiscoveryClient.java:365] - Discovery Client initialized at timestamp 1621936463590 with initial instances count: 0
2021-05-25 17:54:23,707 INFO [main][DefaultEurekaServerContext.java:63] - Initializing ...
2021-05-25 17:54:23,715 INFO [main][PeerEurekaNodes.java:188] - Adding new peer nodes [http://localhost:56080/eureka/]
2021-05-25 17:54:26,262 INFO [main][DiscoveryJerseyProvider.java:70] - Using JSON encoding codec LegacyJacksonJson
2021-05-25 17:54:26,262 INFO [main][DiscoveryJerseyProvider.java:71] - Using JSON decoding codec LegacyJacksonJson
2021-05-25 17:54:26,263 INFO [main][DiscoveryJerseyProvider.java:80] - Using XML encoding codec XStreamXml
2021-05-25 17:54:26,264 INFO [main][DiscoveryJerseyProvider.java:81] - Using XML decoding codec XStreamXml
2021-05-25 17:54:26,612 INFO [main][PeerEurekaNodes.java:110] - Replica node URL:  http://localhost:56080/eureka/
2021-05-25 17:54:26,641 INFO [main][AbstractInstanceRegistry.java:151] - Finished initializing remote region registries. All known remote regions: []
2021-05-25 17:54:26,643 INFO [main][DefaultEurekaServerContext.java:70] - Initialized
2021-05-25 17:54:26,672 INFO [main][EndpointLinksResolver.java:59] - Exposing 2 endpoint(s) beneath base path '/actuator'
2021-05-25 17:54:26,939 INFO [main][EurekaServiceRegistry.java:42] - Registering application SEATA-DEMO-DISCOVERY with eureka with status UP
2021-05-25 17:54:26,945 INFO [Thread-13][EurekaServerBootstrap.java:109] - Setting the eureka configuration..
2021-05-25 17:54:26,951 INFO [Thread-13][EurekaServerBootstrap.java:114] - Eureka data center value eureka.datacenter is not set, defaulting to default
2021-05-25 17:54:26,953 INFO [Thread-13][EurekaServerBootstrap.java:128] - Eureka environment value eureka.environment is not set, defaulting to test
2021-05-25 17:54:26,969 INFO [main][DirectJDKLog.java:173] - Starting ProtocolHandler ["http-nio-56080"]
2021-05-25 17:54:26,986 INFO [Thread-13][EurekaServerBootstrap.java:184] - isAws returned false
2021-05-25 17:54:26,989 INFO [Thread-13][EurekaServerBootstrap.java:152] - Initialized server context
2021-05-25 17:54:26,989 INFO [Thread-13][PeerAwareInstanceRegistryImpl.java:241] - Got 1 instances from neighboring DS node
2021-05-25 17:54:26,989 INFO [Thread-13][PeerAwareInstanceRegistryImpl.java:242] - Renew threshold is: 1
2021-05-25 17:54:26,991 INFO [Thread-13][PeerAwareInstanceRegistryImpl.java:253] - Changing status to UP
2021-05-25 17:54:27,012 INFO [Thread-13][EurekaServerInitializerConfiguration.java:72] - Started Eureka Server
2021-05-25 17:54:27,220 INFO [main][TomcatWebServer.java:204] - Tomcat started on port(s): 56080 (http) with context path ''
2021-05-25 17:54:27,228 INFO [main][EurekaAutoServiceRegistration.java:141] - Updating port to 56080
2021-05-25 17:54:27,240 INFO [main][StartupInfoLogger.java:59] - Started DiscoveryServer in 36.726 seconds (JVM running for 43.963)
2021-05-25 17:54:37,001 INFO [Eureka-EvictionTimer][AbstractInstanceRegistry.java:1250] - Running the evict task with compensationTime 0ms
2021-05-25 17:54:47,010 INFO [Eureka-EvictionTimer][AbstractInstanceRegistry.java:1250] - Running the evict task with compensationTime 9ms
2021-05-25 17:54:57,019 INFO [Eureka-EvictionTimer][AbstractInstanceRegistry.java:1250] - Running the evict task with compensationTime 9ms
2021-05-25 17:55:07,033 INFO [Eureka-EvictionTimer][AbstractInstanceRegistry.java:1250] - Running the evict task with compensationTime 13ms
2021-05-25 17:55:17,044 INFO [Eureka-EvictionTimer][AbstractInstanceRegistry.java:1250] - Running the evict task with compensationTime 12ms
2021-05-25 17:55:27,049 INFO [Eureka-EvictionTimer][AbstractInstanceRegistry.java:1250] - Running the evict task with compensationTime 4ms
2021-05-25 17:55:37,062 INFO [Eureka-EvictionTimer][AbstractInstanceRegistry.java:1250] - Running the evict task with compensationTime 12ms
2021-05-25 17:55:47,077 INFO [Eureka-EvictionTimer][AbstractInstanceRegistry.java:1250] - Running the evict task with compensationTime 15ms
2021-05-25 17:55:57,083 INFO [Eureka-EvictionTimer][AbstractInstanceRegistry.java:1250] - Running the evict task with compensationTime 6ms
2021-05-25 17:56:07,085 INFO [Eureka-EvictionTimer][AbstractInstanceRegistry.java:1250] - Running the evict task with compensationTime 2ms
2021-05-25 17:56:11,473 INFO [http-nio-56080-exec-2][DirectJDKLog.java:173] - Initializing Spring DispatcherServlet 'dispatcherServlet'
2021-05-25 17:56:11,475 INFO [http-nio-56080-exec-2][FrameworkServlet.java:524] - Initializing Servlet 'dispatcherServlet'
2021-05-25 17:56:11,499 INFO [http-nio-56080-exec-2][FrameworkServlet.java:546] - Completed initialization in 24 ms
2021-05-25 17:56:17,090 INFO [Eureka-EvictionTimer][AbstractInstanceRegistry.java:1250] - Running the evict task with compensationTime 4ms
2021-05-25 17:56:27,102 INFO [Eureka-EvictionTimer][AbstractInstanceRegistry.java:1250] - Running the evict task with compensationTime 11ms
2021-05-25 17:56:37,110 INFO [Eureka-EvictionTimer][AbstractInstanceRegistry.java:1250] - Running the evict task with compensationTime 8ms
2021-05-25 17:56:47,117 INFO [Eureka-EvictionTimer][AbstractInstanceRegistry.java:1250] - Running the evict task with compensationTime 7ms
2021-05-25 17:56:57,124 INFO [Eureka-EvictionTimer][AbstractInstanceRegistry.java:1250] - Running the evict task with compensationTime 6ms
2021-05-25 17:57:07,132 INFO [Eureka-EvictionTimer][AbstractInstanceRegistry.java:1250] - Running the evict task with compensationTime 8ms
2021-05-25 17:57:17,135 INFO [Eureka-EvictionTimer][AbstractInstanceRegistry.java:1250] - Running the evict task with compensationTime 3ms
2021-05-25 17:57:27,137 INFO [Eureka-EvictionTimer][AbstractInstanceRegistry.java:1250] - Running the evict task with compensationTime 1ms
2021-05-25 17:57:37,149 INFO [Eureka-EvictionTimer][AbstractInstanceRegistry.java:1250] - Running the evict task with compensationTime 11ms
2021-05-25 17:57:47,162 INFO [Eureka-EvictionTimer][AbstractInstanceRegistry.java:1250] - Running the evict task with compensationTime 13ms
2021-05-25 17:57:57,165 INFO [Eureka-EvictionTimer][AbstractInstanceRegistry.java:1250] - Running the evict task with compensationTime 2ms
2021-05-25 17:58:07,178 INFO [Eureka-EvictionTimer][AbstractInstanceRegistry.java:1250] - Running the evict task with compensationTime 13ms
2021-05-25 17:58:17,188 INFO [Eureka-EvictionTimer][AbstractInstanceRegistry.java:1250] - Running the evict task with compensationTime 9ms
2021-05-25 17:58:27,196 INFO [Eureka-EvictionTimer][AbstractInstanceRegistry.java:1250] - Running the evict task with compensationTime 8ms
2021-05-25 17:58:37,210 INFO [Eureka-EvictionTimer][AbstractInstanceRegistry.java:1250] - Running the evict task with compensationTime 13ms
2021-05-25 17:58:47,016 INFO [http-nio-56080-exec-6][AbstractInstanceRegistry.java:266] - Registered instance DTX-SEATA-DEMO-BANK1/dtx-seata-demo-bank1:172.19.62.83:56081 with status UP (replication=false)
2021-05-25 17:58:47,218 INFO [Eureka-EvictionTimer][AbstractInstanceRegistry.java:1250] - Running the evict task with compensationTime 8ms
2021-05-25 17:58:47,921 INFO [http-nio-56080-exec-7][AbstractInstanceRegistry.java:266] - Registered instance DTX-SEATA-DEMO-BANK1/dtx-seata-demo-bank1:172.19.62.83:56081 with status UP (replication=true)
2021-05-25 17:58:57,229 INFO [Eureka-EvictionTimer][AbstractInstanceRegistry.java:1250] - Running the evict task with compensationTime 10ms
2021-05-25 17:59:07,232 INFO [Eureka-EvictionTimer][AbstractInstanceRegistry.java:1250] - Running the evict task with compensationTime 2ms
2021-05-25 17:59:17,243 INFO [Eureka-EvictionTimer][AbstractInstanceRegistry.java:1250] - Running the evict task with compensationTime 11ms
2021-05-25 17:59:27,248 INFO [Eureka-EvictionTimer][AbstractInstanceRegistry.java:1250] - Running the evict task with compensationTime 6ms
2021-05-25 17:59:37,255 INFO [Eureka-EvictionTimer][AbstractInstanceRegistry.java:1250] - Running the evict task with compensationTime 7ms
2021-05-25 17:59:47,258 INFO [Eureka-EvictionTimer][AbstractInstanceRegistry.java:1250] - Running the evict task with compensationTime 2ms
2021-05-25 17:59:57,263 INFO [Eureka-EvictionTimer][AbstractInstanceRegistry.java:1250] - Running the evict task with compensationTime 6ms
